{"/Users/nazmi/workspace/nextjs-training/pages/index.js": {"path":"/Users/nazmi/workspace/nextjs-training/pages/index.js","statementMap":{"0":{"start":{"line":16,"column":18},"end":{"line":44,"column":1}},"1":{"start":{"line":17,"column":28},"end":{"line":17,"column":40}},"2":{"start":{"line":19,"column":2},"end":{"line":26,"column":9}},"3":{"start":{"line":20,"column":4},"end":{"line":25,"column":23}},"4":{"start":{"line":21,"column":26},"end":{"line":21,"column":41}},"5":{"start":{"line":23,"column":8},"end":{"line":23,"column":31}},"6":{"start":{"line":28,"column":2},"end":{"line":43,"column":4}},"7":{"start":{"line":34,"column":10},"end":{"line":39,"column":15}},"8":{"start":{"line":46,"column":34},"end":{"line":52,"column":1}},"9":{"start":{"line":47,"column":2},"end":{"line":51,"column":4}}},"fnMap":{"0":{"name":"(anonymous_0)","decl":{"start":{"line":16,"column":18},"end":{"line":16,"column":19}},"loc":{"start":{"line":16,"column":24},"end":{"line":44,"column":1}},"line":16},"1":{"name":"(anonymous_1)","decl":{"start":{"line":19,"column":12},"end":{"line":19,"column":13}},"loc":{"start":{"line":19,"column":18},"end":{"line":26,"column":3}},"line":19},"2":{"name":"(anonymous_2)","decl":{"start":{"line":21,"column":12},"end":{"line":21,"column":13}},"loc":{"start":{"line":21,"column":26},"end":{"line":21,"column":41}},"line":21},"3":{"name":"(anonymous_3)","decl":{"start":{"line":22,"column":12},"end":{"line":22,"column":13}},"loc":{"start":{"line":22,"column":30},"end":{"line":24,"column":7}},"line":22},"4":{"name":"(anonymous_4)","decl":{"start":{"line":25,"column":13},"end":{"line":25,"column":14}},"loc":{"start":{"line":25,"column":19},"end":{"line":25,"column":21}},"line":25},"5":{"name":"(anonymous_5)","decl":{"start":{"line":33,"column":19},"end":{"line":33,"column":20}},"loc":{"start":{"line":34,"column":10},"end":{"line":39,"column":15}},"line":34},"6":{"name":"(anonymous_6)","decl":{"start":{"line":46,"column":34},"end":{"line":46,"column":35}},"loc":{"start":{"line":46,"column":40},"end":{"line":52,"column":1}},"line":46}},"branchMap":{},"s":{"0":1,"1":3,"2":3,"3":2,"4":1,"5":1,"6":3,"7":2,"8":1,"9":1},"f":{"0":3,"1":2,"2":1,"3":1,"4":1,"5":2,"6":1},"b":{},"_coverageSchema":"1a1c01bbd47fc00a2c39e90264f33305004495a9","hash":"7d34c81f1793a8d23618cc49f54b4a70af352acd"}
}
